2024-09-14 02:15:20 INFO  AuthController:22 - Register:Đăng ký xong
2024-09-14 02:27:05 INFO  AuthControllerTest:13 - test authen
2024-09-14 02:27:34 INFO  AuthControllerTest:13 - test authen
2024-09-14 23:01:57 INFO  AuthController:22 - Register:Đăng ký xong
2024-09-14 23:13:12 INFO  AuthController:22 - Register:Đăng ký xong
2024-09-14 23:13:20 INFO  AuthController:22 - Register:Đăng ký xong
2024-09-17 00:16:30 INFO  AuthController:22 - Register:Đăng ký xong
2024-09-17 00:17:10 INFO  AuthController:22 - Register:Đăng ký xong
2024-09-17 00:17:24 INFO  AuthController:22 - Register:Đăng ký xong
2024-09-17 12:46:24 INFO  AuthControllerTest:13 - test authen
2024-09-17 13:02:31 INFO  AuthController:22 - Register:Đăng ký xong
2024-09-17 13:08:35 INFO  AuthControllerTest:12 - test authen
2024-09-17 18:23:59 INFO  AuthControllerTest:38 - Register user
2024-09-18 09:35:28 INFO  AuthController:22 - Register:Đăng ký xong
2024-09-18 09:35:41 INFO  AuthController:22 - Register:Đăng ký xong
2024-09-18 11:41:34 INFO  AuthController:22 - Register:Đăng ký xong
2024-09-18 11:41:39 INFO  AuthController:22 - Register:Đăng ký xong
2024-09-18 11:46:08 INFO  AuthController:22 - Register:Đăng ký xong
2024-09-20 00:15:01 INFO  AuthController:22 - Register:Đăng ký xong
2024-09-20 00:15:31 INFO  AuthController:22 - Register:Đăng ký xong
2024-09-20 00:15:35 INFO  AuthController:22 - Register:Đăng ký xong
2024-09-20 00:15:50 INFO  AuthController:22 - Register:Đăng ký xong
2024-09-20 00:16:09 INFO  AuthController:22 - Register:Đăng ký xong
2024-09-20 00:17:17 INFO  AuthController:22 - Register:Đăng ký xong
2024-09-20 00:18:40 INFO  AuthController:22 - Register:Đăng ký xong
2024-09-20 01:00:32 INFO  AuthController:22 - Register:Đăng ký xong
2024-09-20 01:00:43 INFO  AuthController:22 - Register:Đăng ký xong
2024-09-20 01:00:44 INFO  AuthController:22 - Register:Đăng ký xong
2024-09-20 01:00:45 INFO  AuthController:22 - Register:Đăng ký xong
2024-09-20 01:00:56 INFO  AuthController:22 - Register:Đăng ký xong
2024-09-20 01:04:23 INFO  AuthController:22 - Register:Đăng ký xong
2024-09-20 01:32:53 INFO  AuthController:22 - Register:Đăng ký xong
2024-09-20 01:32:54 INFO  AuthController:22 - Register:Đăng ký xong
2024-09-20 01:32:59 INFO  AuthController:22 - Register:Đăng ký xong
2024-09-20 01:37:47 INFO  AuthController:22 - Register:Đăng ký xong
2024-09-20 03:07:58 INFO  AuthController:22 - Register:Đăng ký xong
2024-09-20 12:35:09 INFO  AuthController:22 - Register:Đăng ký xong
2024-09-20 12:35:11 INFO  AuthController:22 - Register:Đăng ký xong
2024-09-20 12:35:12 INFO  AuthController:22 - Register:Đăng ký xong
2024-09-20 12:38:09 INFO  AuthController:22 - Register:Đăng ký xong
2024-09-20 12:40:24 INFO  AuthController:22 - Register:Đăng ký xong
2024-09-20 12:40:26 INFO  AuthController:22 - Register:Đăng ký xong
2024-09-20 13:04:45 INFO  AuthController:23 - Register:Đăng ký xong
2024-09-20 13:04:50 INFO  AuthController:23 - Register:Đăng ký xong
2024-09-20 13:04:58 INFO  AuthController:23 - Register:Đăng ký xong
2024-09-20 13:09:01 INFO  AuthController:26 - Register:Đăng ký xong
2024-09-20 13:09:07 INFO  AuthController:26 - Register:Đăng ký xong
2024-09-21 04:56:46 INFO  AuthController:26 - Register:Đăng ký xong
2024-09-21 04:57:07 INFO  AuthController:26 - Register:Đăng ký xong
2024-09-21 05:14:24 INFO  AuthController:26 - Register:Đăng ký xong
2024-09-21 05:14:27 INFO  AuthController:26 - Register:Đăng ký xong
2024-09-21 05:17:18 INFO  AuthController:26 - Register:Đăng ký xong
2024-09-21 05:17:20 INFO  AuthController:26 - Register:Đăng ký xong
2024-09-23 11:16:12 INFO  AuthController:26 - Register:Đăng ký xong
2024-09-24 18:54:13 INFO  UserController:24 - Controller:Create User
2024-09-24 18:56:44 INFO  UserController:24 - Controller:Create User
2024-09-24 18:58:48 INFO  UserController:24 - Controller:Create User
2024-09-24 19:00:17 INFO  UserController:24 - Controller:Create User
2024-09-25 08:16:50 INFO  UserController:24 - Controller:Create User
2024-09-25 08:16:53 INFO  UserController:24 - Controller:Create User
2024-10-01 15:31:56 INFO  UserController:24 - Controller:Create User
2024-10-01 16:01:21 INFO  UserController:24 - Controller:Create User
2024-10-01 16:07:04 INFO  UserController:24 - Controller:Create User
2024-10-01 16:08:35 INFO  UserController:24 - Controller:Create User
2024-10-01 16:11:18 INFO  UserController:24 - Controller:Create User
2024-10-01 21:38:59 INFO  UserController:24 - Controller:Create User
2024-10-01 21:39:30 INFO  UserController:24 - Controller:Create User
2024-10-01 21:40:18 INFO  UserController:24 - Controller:Create User
2024-10-01 21:41:17 INFO  UserController:24 - Controller:Create User
2024-10-01 21:45:45 INFO  UserController:24 - Controller:Create User
2024-10-06 17:01:54 INFO  UserController:24 - Controller:Create User
2024-10-06 17:03:15 INFO  UserController:24 - Controller:Create User
2024-10-06 17:03:54 INFO  UserController:24 - Controller:Create User
2024-10-08 13:06:33 INFO  UserController:24 - Controller:Create User
2024-10-08 13:39:05 INFO  UserController:24 - Controller:Create User
2024-10-08 15:43:02 INFO  UserController:24 - Controller:Create User
2024-10-08 15:44:07 INFO  UserController:24 - Controller:Create User
2024-10-08 15:44:41 INFO  UserController:24 - Controller:Create User
2024-10-08 15:45:28 INFO  UserController:24 - Controller:Create User
2024-10-08 15:47:47 INFO  UserController:24 - Controller:Create User
2024-10-08 15:48:59 INFO  UserController:24 - Controller:Create User
2024-10-08 15:50:13 INFO  UserController:24 - Controller:Create User
2024-10-08 15:51:26 INFO  UserController:24 - Controller:Create User
2024-10-08 15:53:53 INFO  UserController:24 - Controller:Create User
2024-10-08 15:55:22 INFO  UserController:24 - Controller:Create User
2024-10-08 15:57:59 INFO  UserController:24 - Controller:Create User
2024-10-08 15:59:35 INFO  UserController:24 - Controller:Create User
2024-10-08 16:16:39 INFO  UserController:24 - Controller:Create User
2024-10-08 16:17:23 INFO  UserController:24 - Controller:Create User
2024-10-08 16:24:05 INFO  UserController:24 - Controller:Create User
2024-10-12 11:10:15 INFO  AuthController:23 - AuthController:Đăng ký xong
2024-10-12 11:10:21 INFO  AuthController:23 - AuthController:Đăng ký xong
2024-10-12 11:37:53 INFO  AuthController:30 - AuthController:Authenticate
2024-10-12 11:38:03 INFO  AuthController:30 - AuthController:Authenticate
2024-10-12 11:38:17 INFO  AuthController:30 - AuthController:Authenticate
2024-10-12 11:38:26 INFO  AuthController:24 - AuthController:Đăng ký xong
2024-10-12 11:38:35 INFO  AuthController:30 - AuthController:Authenticate
2024-10-12 14:41:51 INFO  AuthController:30 - AuthController:Authenticate
2024-10-12 14:41:59 INFO  AuthController:30 - AuthController:Authenticate
2024-10-15 13:18:46 INFO  UserController:25 - Controller:Create User
2024-10-15 13:19:14 INFO  UserController:25 - Controller:Create User
2024-10-15 13:21:29 INFO  UserController:25 - Controller:Create User
2024-10-15 13:22:25 INFO  UserController:25 - Controller:Create User
2024-10-15 13:24:07 INFO  UserController:25 - Controller:Create User
2024-10-15 13:25:04 INFO  UserController:25 - Controller:Create User
2024-10-15 13:25:38 INFO  UserController:25 - Controller:Create User
2024-10-15 13:26:16 INFO  UserController:25 - Controller:Create User
2024-10-15 13:26:59 INFO  UserController:25 - Controller:Create User
2024-10-15 13:29:13 INFO  UserController:25 - Controller:Create User
2024-10-15 13:42:51 INFO  UserController:25 - Controller:Create User
2024-10-15 13:48:59 INFO  UserController:25 - Controller:Create User
2024-10-15 13:50:14 INFO  UserController:25 - Controller:Create User
2024-10-16 23:25:47 INFO  UserController:25 - Controller:Create User
2024-10-16 23:27:17 INFO  AuthController:31 - AuthController:Authenticate
2024-10-22 12:47:04 INFO  UserController:25 - Controller:Create User
2024-10-22 17:24:21 INFO  UserController:25 - Controller:Create User
2024-10-22 17:40:18 INFO  UserController:25 - Controller:Create User
2024-10-22 21:19:03 INFO  UserController:25 - Controller:Create User
2024-10-23 09:17:44 INFO  AuthController:32 - AuthController:Authenticate
2024-10-23 09:32:34 INFO  AuthController:32 - AuthController:Authenticate
2024-10-23 09:32:39 INFO  AuthController:32 - AuthController:Authenticate
2024-10-23 09:32:42 INFO  AuthController:32 - AuthController:Authenticate
2024-10-23 09:33:05 INFO  AuthController:25 - AuthController:Đăng ký xong
2024-10-23 09:33:09 INFO  AuthController:25 - AuthController:Đăng ký xong
2024-10-23 09:33:17 INFO  AuthController:32 - AuthController:Authenticate
2024-10-24 08:51:12 INFO  AuthController:32 - AuthController:Authenticate
2024-10-24 09:53:32 INFO  AuthController:30 - AuthController:Đăng ký xong
2024-10-24 09:53:59 INFO  AuthController:37 - AuthController:Authenticate
2024-10-24 10:09:09 INFO  AuthController:37 - AuthController:Authenticate
2024-10-24 10:09:16 INFO  AuthController:37 - AuthController:Authenticate
2024-10-24 10:14:08 INFO  AuthController:37 - AuthController:Authenticate
2024-10-24 12:40:57 INFO  AuthController:37 - AuthController:Authenticate
2024-10-25 10:18:57 INFO  AuthController:37 - AuthController:Authenticate
2024-10-25 10:21:42 INFO  AuthController:37 - AuthController:Authenticate
2024-10-25 17:09:43 INFO  UserController:25 - Controller:Create User
2024-10-25 17:10:08 INFO  AuthController:37 - AuthController:Authenticate
2024-10-25 17:33:56 INFO  AuthController:37 - AuthController:Authenticate
2024-10-25 17:35:38 INFO  AuthController:37 - AuthController:Authenticate
2024-10-25 17:55:12 INFO  AuthController:37 - AuthController:Authenticate
2024-10-25 17:57:16 INFO  AuthController:37 - AuthController:Authenticate
2024-10-25 17:57:19 INFO  AuthController:37 - AuthController:Authenticate
2024-10-25 18:03:35 INFO  AuthController:37 - AuthController:Authenticate
2024-10-25 18:43:14 INFO  AuthController:37 - AuthController:Authenticate
2024-10-25 18:43:30 INFO  AuthController:37 - AuthController:Authenticate
2024-10-25 18:43:42 INFO  AuthController:37 - AuthController:Authenticate
2024-10-25 18:45:36 INFO  AuthController:37 - AuthController:Authenticate
2024-10-25 19:30:55 INFO  AuthController:37 - AuthController:Authenticate
2024-10-26 08:06:03 INFO  AuthController:37 - AuthController:Authenticate
2024-10-26 08:09:37 INFO  AuthController:37 - AuthController:Authenticate
2024-10-26 08:11:54 INFO  AuthController:37 - AuthController:Authenticate
2024-10-26 11:29:37 INFO  AuthController:37 - AuthController:Authenticate
2024-10-26 11:35:38 INFO  AuthController:39 - AuthController:Authenticate
2024-10-26 12:42:08 INFO  AuthController:39 - AuthController:Authenticate
2024-10-26 12:44:47 INFO  AuthController:39 - AuthController:Authenticate
2024-10-26 13:13:00 INFO  AuthController:39 - AuthController:Authenticate
2024-10-26 13:26:07 INFO  AuthController:39 - AuthController:Authenticate
2024-10-26 13:32:37 INFO  AuthController:39 - AuthController:Authenticate
2024-10-26 13:45:17 INFO  AuthController:39 - AuthController:Authenticate
2024-10-26 13:47:34 INFO  AuthController:39 - AuthController:Authenticate
2024-10-26 14:31:06 INFO  AuthController:39 - AuthController:Authenticate
2024-10-26 15:15:39 INFO  AuthController:39 - AuthController:Authenticate
2024-10-26 15:16:38 INFO  AuthController:39 - AuthController:Authenticate
2024-10-26 15:17:07 INFO  AuthController:39 - AuthController:Authenticate
2024-10-26 15:17:22 INFO  AuthController:32 - AuthController:Đăng ký xong
2024-10-26 15:17:29 INFO  AuthController:39 - AuthController:Authenticate
2024-10-26 15:19:47 INFO  AuthController:39 - AuthController:Authenticate
2024-10-26 15:23:28 INFO  AuthController:39 - AuthController:Authenticate
2024-10-26 15:28:34 INFO  AuthController:39 - AuthController:Authenticate
2024-10-26 15:30:39 INFO  AuthController:39 - AuthController:Authenticate
2024-10-26 15:41:14 INFO  AuthController:41 - AuthController:Authenticate
2024-10-26 15:43:21 INFO  AuthController:41 - AuthController:Authenticate
2024-10-26 15:44:53 INFO  AuthController:41 - AuthController:Authenticate
2024-10-26 15:53:00 INFO  AuthController:41 - AuthController:Authenticate
2024-10-26 16:20:57 INFO  AuthController:41 - AuthController:Authenticate
2024-10-26 16:30:27 INFO  UserController:25 - Controller:Create User
2024-10-26 16:30:33 INFO  UserController:25 - Controller:Create User
2024-10-26 16:33:07 INFO  UserController:25 - Controller:Create User
2024-10-26 16:39:05 INFO  UserController:25 - Controller:Create User
2024-10-27 09:03:51 INFO  AuthController:41 - AuthController:Authenticate
2024-10-27 09:08:03 INFO  AuthController:41 - AuthController:Authenticate
2024-10-27 09:08:20 INFO  AuthController:41 - AuthController:Authenticate
2024-10-27 09:09:25 INFO  AuthController:41 - AuthController:Authenticate
2024-10-27 10:10:29 INFO  AuthController:41 - AuthController:Authenticate
2024-10-27 10:15:24 INFO  AuthController:41 - AuthController:Authenticate
2024-10-27 10:15:33 INFO  AuthController:41 - AuthController:Authenticate
2024-10-27 10:17:44 INFO  AuthController:41 - AuthController:Authenticate
2024-10-27 10:19:00 INFO  AuthController:41 - AuthController:Authenticate
2024-10-27 10:40:56 INFO  AuthController:41 - AuthController:Authenticate
2024-10-27 10:47:20 INFO  AuthController:41 - AuthController:Authenticate
2024-10-27 10:50:05 INFO  AuthController:41 - AuthController:Authenticate
2024-10-27 11:01:23 INFO  AuthController:41 - AuthController:Authenticate
2024-10-27 11:20:20 INFO  AuthController:41 - AuthController:Authenticate
2024-10-27 11:24:34 INFO  AuthController:41 - AuthController:Authenticate
2024-10-27 11:27:52 INFO  AuthController:41 - AuthController:Authenticate
2024-10-27 11:27:56 INFO  UserController:34 - Username32:duc2110200
2024-10-27 11:27:56 INFO  UserController:35 - SCOPE_USER
2024-10-27 11:48:56 INFO  AuthController:41 - AuthController:Authenticate
2024-10-27 11:49:00 INFO  UserController:34 - Username32:duc2110200
2024-10-27 11:49:00 INFO  UserController:35 - SCOPE_USER
2024-10-27 13:12:47 INFO  AuthController:41 - AuthController:Authenticate
2024-10-27 13:13:04 INFO  UserController:34 - Username32:duc2110200
2024-10-27 13:13:04 INFO  UserController:35 - SCOPE_USER
2024-10-27 13:13:43 INFO  UserController:34 - Username32:duc2110200
2024-10-27 13:13:43 INFO  UserController:35 - SCOPE_USER
2024-10-27 13:14:56 INFO  AuthController:41 - AuthController:Authenticate
2024-10-27 13:28:22 INFO  UserController:34 - Username32:duc2110200
2024-10-27 13:28:22 INFO  UserController:35 - SCOPE_USER
2024-10-27 13:28:26 INFO  UserController:34 - Username32:duc2110200
2024-10-27 13:28:26 INFO  UserController:35 - SCOPE_USER
2024-10-27 13:31:19 INFO  AuthController:41 - AuthController:Authenticate
2024-10-27 13:31:49 INFO  AuthController:41 - AuthController:Authenticate
2024-10-27 13:32:59 INFO  AuthController:41 - AuthController:Authenticate
2024-10-27 13:33:19 INFO  UserController:34 - Username32:admin
2024-10-27 13:33:19 INFO  UserController:35 - SCOPE_ADMIN
2024-10-27 13:52:29 INFO  AuthController:36 - AuthController:Authenticate
2024-10-27 13:55:05 INFO  AuthController:36 - AuthController:Authenticate
2024-10-27 13:56:10 INFO  AuthController:36 - AuthController:Authenticate
2024-10-27 13:56:57 INFO  AuthController:36 - AuthController:Authenticate
2024-10-27 13:57:53 INFO  AuthController:36 - AuthController:Authenticate
2024-10-27 13:59:00 INFO  AuthController:36 - AuthController:Authenticate
2024-10-27 14:00:44 INFO  AuthController:36 - AuthController:Authenticate
2024-10-27 14:00:56 INFO  UserController:34 - Username32:admin
2024-10-27 14:00:56 INFO  UserController:35 - SCOPE_ADMIN
2024-10-27 14:01:35 INFO  UserController:34 - Username32:admin
2024-10-27 14:01:35 INFO  UserController:35 - SCOPE_ADMIN
2024-10-27 14:01:39 INFO  AuthController:36 - AuthController:Authenticate
2024-10-27 14:02:08 INFO  AuthController:36 - AuthController:Authenticate
2024-10-27 14:02:23 INFO  UserController:34 - Username32:admin
2024-10-27 14:02:23 INFO  UserController:35 - SCOPE_ADMIN
2024-10-27 14:03:17 INFO  AuthController:36 - AuthController:Authenticate
2024-10-27 14:03:28 INFO  UserController:34 - Username32:admin
2024-10-27 14:03:28 INFO  UserController:35 - SCOPE_ADMIN
2024-10-27 14:03:46 INFO  UserController:34 - Username32:admin
2024-10-27 14:03:46 INFO  UserController:35 - SCOPE_ADMIN
2024-10-27 14:03:52 INFO  UserController:34 - Username32:admin
2024-10-27 14:03:52 INFO  UserController:35 - SCOPE_ADMIN
2024-10-27 14:09:56 INFO  UserController:34 - Username32:admin
2024-10-27 14:09:56 INFO  UserController:35 - SCOPE_ADMIN
2024-10-27 14:10:00 INFO  AuthController:36 - AuthController:Authenticate
2024-10-27 14:10:16 INFO  UserController:34 - Username32:admin
2024-10-27 14:10:16 INFO  UserController:35 - SCOPE_ADMIN
2024-10-27 14:11:24 INFO  AuthController:36 - AuthController:Authenticate
2024-10-27 14:11:37 INFO  UserController:34 - Username32:admin
2024-10-27 14:11:37 INFO  UserController:35 - SCOPE_ADMIN
2024-10-27 14:13:16 INFO  UserController:34 - Username32:admin
2024-10-27 14:13:16 INFO  UserController:35 - ROLE_ADMIN
2024-10-27 14:49:55 INFO  AuthController:36 - AuthController:Authenticate
2024-10-27 14:50:06 INFO  UserController:34 - Username32:admin
2024-10-27 14:50:06 INFO  UserController:35 - ROLE_ADMIN
2024-10-29 13:21:49 INFO  UserController:26 - Controller:Create User
2024-10-29 14:29:22 INFO  UserController:26 - Controller:Create User
2024-10-29 14:29:34 INFO  UserController:26 - Controller:Create User
2024-10-29 14:29:45 INFO  AuthController:40 - AuthController:Authenticate
2024-10-29 14:31:00 INFO  AuthController:40 - AuthController:Authenticate
2024-10-29 14:31:17 INFO  AuthController:40 - AuthController:Authenticate
2024-10-29 14:31:35 INFO  UserController:34 - Username32:admin
2024-10-29 14:31:35 INFO  UserController:35 - ROLE_ADMIN
2024-10-29 15:00:05 INFO  UserController:26 - Controller:Create User
2024-10-29 15:10:36 INFO  UserController:26 - Controller:Create User
2024-10-29 15:12:49 INFO  UserController:26 - Controller:Create User
2024-10-31 07:56:04 INFO  AuthController:40 - AuthController:Authenticate
2024-10-31 07:56:30 INFO  UserController:34 - Username32:admin
2024-10-31 07:56:30 INFO  UserController:35 - ROLE_ADMIN
2024-10-31 08:48:48 INFO  UserController:34 - Username32:admin
2024-10-31 08:48:48 INFO  UserController:35 - ROLE_ADMIN
2024-10-31 09:20:39 INFO  AuthController:40 - AuthController:Authenticate
2024-10-31 09:20:51 INFO  UserController:34 - Username32:admin
2024-10-31 09:20:51 INFO  UserController:35 - ROLE_ADMIN
2024-10-31 09:22:15 INFO  UserController:34 - Username32:admin
2024-10-31 09:22:15 INFO  UserController:35 - ROLE_ADMIN
2024-10-31 09:22:21 INFO  UserController:34 - Username32:admin
2024-10-31 09:22:21 INFO  UserController:35 - ROLE_ADMIN
2024-10-31 09:22:38 INFO  AuthController:40 - AuthController:Authenticate
2024-10-31 09:22:41 INFO  UserController:34 - Username32:admin
2024-10-31 09:22:41 INFO  UserController:35 - ROLE_ADMIN
2024-10-31 09:23:24 INFO  UserController:34 - Username32:admin
2024-10-31 09:23:24 INFO  UserController:35 - ROLE_ADMIN
2024-10-31 09:25:00 INFO  UserController:34 - Username32:admin
2024-10-31 09:25:00 INFO  UserController:35 - ROLE_ADMIN
2024-10-31 09:25:03 INFO  AuthController:40 - AuthController:Authenticate
2024-10-31 09:25:15 INFO  UserController:34 - Username32:admin
2024-10-31 09:25:15 INFO  UserController:35 - ROLE_ADMIN
2024-10-31 10:53:17 INFO  AuthController:40 - AuthController:Authenticate
2024-10-31 10:57:11 INFO  AuthController:40 - AuthController:Authenticate
2024-10-31 10:57:18 INFO  AuthController:40 - AuthController:Authenticate
2024-10-31 10:57:24 INFO  AuthController:40 - AuthController:Authenticate
2024-11-01 08:18:56 INFO  AuthController:40 - AuthController:Authenticate
2024-11-01 10:39:11 INFO  AuthController:40 - AuthController:Authenticate
2024-11-02 10:05:02 INFO  AuthController:40 - AuthController:Authenticate
2024-11-02 10:25:02 INFO  AuthController:40 - AuthController:Authenticate
2024-11-02 10:25:28 INFO  AuthController:40 - AuthController:Authenticate
2024-11-02 10:39:51 INFO  AuthController:40 - AuthController:Authenticate
2024-11-02 10:40:09 INFO  UserController:34 - Username32:adminfasd
2024-11-02 11:09:11 INFO  AuthController:40 - AuthController:Authenticate
2024-11-02 12:44:58 INFO  AuthController:40 - AuthController:Authenticate
2024-11-02 12:45:03 INFO  AuthController:40 - AuthController:Authenticate
2024-11-02 12:45:15 INFO  UserController:34 - Username32:adminfasd
2024-11-02 13:02:12 INFO  AuthController:40 - AuthController:Authenticate
2024-11-02 13:02:24 INFO  UserController:34 - Username32:adminfasd
2024-11-02 13:02:32 INFO  UserController:34 - Username32:adminfasd
2024-11-02 13:09:06 INFO  UserController:34 - Username32:adminfasd
2024-11-02 13:09:08 INFO  UserController:34 - Username32:adminfasd
2024-11-03 09:12:35 INFO  AuthController:40 - AuthController:Authenticate
2024-11-03 09:16:00 INFO  AuthController:40 - AuthController:Authenticate
2024-11-03 09:16:11 INFO  UserController:34 - Username32:adminfasd
2024-11-03 09:19:26 INFO  AuthController:40 - AuthController:Authenticate
2024-11-03 09:19:40 INFO  UserController:34 - Username32:adminfasd
2024-11-03 09:29:48 INFO  UserController:34 - Username32:adminfasd
2024-11-03 09:29:50 INFO  UserController:34 - Username32:adminfasd
2024-11-03 09:51:38 INFO  UserController:34 - Username32:adminfasd
2024-11-03 10:03:11 INFO  UserController:34 - Username32:adminfasd
2024-11-03 10:03:40 INFO  UserController:34 - Username32:adminfasd
2024-11-03 10:03:47 INFO  AuthController:40 - AuthController:Authenticate
2024-11-03 12:47:03 INFO  AuthController:40 - AuthController:Authenticate
2024-11-03 13:02:18 INFO  AuthController:40 - AuthController:Authenticate
2024-11-03 13:02:22 INFO  AuthController:40 - AuthController:Authenticate
2024-11-03 13:02:50 INFO  AuthController:33 - AuthController:Đăng ký xong
2024-11-03 13:02:59 INFO  AuthController:40 - AuthController:Authenticate
2024-11-03 13:06:26 INFO  UserController:34 - Username32:fasdfdfadadfa
2024-11-03 13:06:26 INFO  UserController:35 - ROLE_USER
2024-11-03 13:07:39 INFO  AuthController:40 - AuthController:Authenticate
2024-11-03 15:26:27 INFO  AuthController:40 - AuthController:Authenticate
2024-11-03 15:26:41 INFO  UserController:34 - Username32:fasdfdfadadfa
2024-11-03 15:26:41 INFO  UserController:35 - ROLE_USER
2024-11-03 15:28:10 INFO  UserController:34 - Username32:fasdfdfadadfa
2024-11-03 15:28:10 INFO  UserController:35 - ROLE_USER
2024-11-03 15:28:21 INFO  UserController:34 - Username32:fasdfdfadadfa
2024-11-03 15:28:21 INFO  UserController:35 - ROLE_USER
2024-11-03 15:29:15 INFO  UserController:34 - Username32:fasdfdfadadfa
2024-11-03 15:29:15 INFO  UserController:35 - ROLE_USER
2024-11-03 15:48:13 INFO  UserController:34 - Username32:fasdfdfadadfa
2024-11-03 15:48:13 INFO  UserController:35 - ROLE_USER
2024-11-03 15:48:14 INFO  UserController:34 - Username32:fasdfdfadadfa
2024-11-03 15:48:14 INFO  UserController:35 - ROLE_USER
2024-11-03 15:48:16 INFO  UserController:34 - Username32:fasdfdfadadfa
2024-11-03 15:48:16 INFO  UserController:35 - ROLE_USER
2024-11-03 15:51:01 INFO  UserController:34 - Username32:fasdfdfadadfa
2024-11-03 15:51:01 INFO  UserController:35 - ROLE_USER
2024-11-03 15:52:11 INFO  UserController:34 - Username32:fasdfdfadadfa
2024-11-03 15:52:11 INFO  UserController:35 - ROLE_USER
2024-11-03 16:05:22 INFO  UserController:34 - Username32:fasdfdfadadfa
2024-11-03 16:05:22 INFO  UserController:35 - ROLE_USER
2024-11-03 16:05:25 INFO  UserController:34 - Username32:fasdfdfadadfa
2024-11-03 16:05:25 INFO  UserController:35 - ROLE_USER
2024-11-03 16:06:32 INFO  AuthController:40 - AuthController:Authenticate
2024-11-05 08:33:18 INFO  UserController:26 - Controller:Create User
2024-11-05 10:21:23 INFO  UserController:26 - Controller:Create User
2024-11-05 10:25:04 INFO  UserController:26 - Controller:Create User
2024-11-05 10:37:18 INFO  UserController:26 - Controller:Create User
2024-11-05 11:24:50 INFO  UserController:26 - Controller:Create User
2024-11-05 15:11:47 INFO  UserController:26 - Controller:Create User
2024-11-05 15:45:13 INFO  AuthController:36 - AuthController:Authenticate
2024-11-05 15:46:17 INFO  UserController:25 - Controller:Create User
2024-11-05 15:46:49 INFO  UserController:25 - Controller:Create User
2024-11-10 13:24:35 INFO  AuthController:36 - AuthController:Authenticate
2024-11-10 13:25:27 INFO  UserController:33 - Username32:fasdfdfadadfa
2024-11-10 13:25:27 INFO  UserController:34 - ROLE_USER
2024-11-10 13:26:01 INFO  AuthController:36 - AuthController:Authenticate
2024-11-10 13:31:40 INFO  AuthController:36 - AuthController:Authenticate
2024-11-10 13:31:56 INFO  UserController:33 - Username32:admin
2024-11-10 13:31:56 INFO  UserController:34 - ROLE_ADMIN
2024-11-10 13:32:53 INFO  AuthController:36 - AuthController:Authenticate
2024-11-12 04:25:17 INFO  AuthController:36 - AuthController:Authenticate
2024-11-12 04:31:52 INFO  AuthController:36 - AuthController:Authenticate
2024-11-12 04:33:31 INFO  AuthController:36 - AuthController:Authenticate
2024-11-12 04:36:22 INFO  UserController:34 - Username32:admin
2024-11-12 04:36:22 INFO  UserController:35 - ROLE_ADMIN
2024-11-12 04:44:08 INFO  AuthController:36 - AuthController:Authenticate
2024-11-12 04:44:34 INFO  AuthController:36 - AuthController:Authenticate
2024-11-12 04:47:50 INFO  AuthController:36 - AuthController:Authenticate
2024-11-12 04:52:31 INFO  AuthController:36 - AuthController:Authenticate
2024-11-12 04:52:52 INFO  AuthController:36 - AuthController:Authenticate
2024-11-12 04:55:33 INFO  AuthController:36 - AuthController:Authenticate
2024-11-12 05:02:44 INFO  AuthController:36 - AuthController:Authenticate
2024-11-12 05:02:53 INFO  AuthController:36 - AuthController:Authenticate
2024-11-12 05:03:09 INFO  AuthController:36 - AuthController:Authenticate
2024-11-12 05:08:18 INFO  AuthController:36 - AuthController:Authenticate
2024-11-12 05:08:25 INFO  AuthController:36 - AuthController:Authenticate
2024-11-12 05:08:37 INFO  AuthController:36 - AuthController:Authenticate
2024-11-12 05:08:44 INFO  AuthController:36 - AuthController:Authenticate
2024-11-12 05:09:09 INFO  AuthController:36 - AuthController:Authenticate
2024-11-12 05:09:20 INFO  AuthController:36 - AuthController:Authenticate
2024-11-12 05:09:25 INFO  AuthController:36 - AuthController:Authenticate
2024-11-12 05:09:53 INFO  AuthController:36 - AuthController:Authenticate
2024-11-12 05:11:26 INFO  AuthController:36 - AuthController:Authenticate
2024-11-12 05:13:16 INFO  AuthController:36 - AuthController:Authenticate
2024-11-12 05:16:23 INFO  AuthController:36 - AuthController:Authenticate
2024-11-12 05:52:28 INFO  PermissionServiceImpl:27 - PermissionServiceImpl: Permission(id=null, name=UPDATE_DATA, description=Update data permission, roles=null)
2024-11-12 05:52:28 INFO  PermissionServiceImpl:27 - PermissionServiceImpl: Permission(id=null, name=UPDATE_DATA, description=Update data permission, roles=null)
2024-11-12 05:52:35 INFO  PermissionServiceImpl:27 - PermissionServiceImpl: Permission(id=null, name=UPDATE_DATA, description=Update data permission, roles=null)
2024-11-12 05:52:35 INFO  PermissionServiceImpl:27 - PermissionServiceImpl: Permission(id=null, name=UPDATE_DATA, description=Update data permission, roles=null)
2024-11-12 05:52:47 INFO  PermissionServiceImpl:27 - PermissionServiceImpl: Permission(id=null, name=UPDATE_DATA, description=Update data permission, roles=null)
2024-11-12 05:52:47 INFO  PermissionServiceImpl:27 - PermissionServiceImpl: Permission(id=null, name=UPDATE_DATA, description=Update data permission, roles=null)
2024-11-12 05:59:02 INFO  PermissionServiceImpl:30 - PermissionServiceImpl: Permission(id=null, name=UPDATE_DATA, description=Update data permission, roles=null)
2024-11-12 05:59:02 INFO  PermissionServiceImpl:30 - PermissionServiceImpl: Permission(id=null, name=UPDATE_DATA, description=Update data permission, roles=null)
2024-11-12 06:02:19 INFO  AuthController:36 - AuthController:Authenticate
2024-11-12 06:03:24 INFO  AuthController:36 - AuthController:Authenticate
2024-11-12 06:03:50 INFO  AuthController:36 - AuthController:Authenticate
2024-11-12 06:04:58 INFO  AuthController:36 - AuthController:Authenticate
2024-11-12 06:08:09 INFO  PermissionServiceImpl:30 - PermissionServiceImpl: Permission(id=null, name=CREATE_DATA, description=Update data permission, roles=null)
2024-11-12 06:08:09 INFO  PermissionServiceImpl:30 - PermissionServiceImpl: Permission(id=null, name=CREATE_DATA, description=Update data permission, roles=null)
2024-11-12 06:09:26 INFO  PermissionServiceImpl:30 - PermissionServiceImpl: Permission(id=null, name=APPROVE_POST, description=Approve data post, roles=null)
2024-11-12 06:09:26 INFO  PermissionServiceImpl:30 - PermissionServiceImpl: Permission(id=null, name=APPROVE_POST, description=Approve data post, roles=null)
2024-11-12 06:10:56 INFO  PermissionServiceImpl:30 - PermissionServiceImpl: Permission(id=null, name=UPDATE_DATA, description=Update data permission, roles=null)
2024-11-12 06:10:56 INFO  PermissionServiceImpl:30 - PermissionServiceImpl: Permission(id=null, name=UPDATE_DATA, description=Update data permission, roles=null)
2024-11-12 06:11:56 INFO  PermissionServiceImpl:30 - PermissionServiceImpl: Permission(id=null, name=CREATE_DATA, description=Create data permission, roles=null)
2024-11-12 06:11:56 INFO  PermissionServiceImpl:30 - PermissionServiceImpl: Permission(id=null, name=CREATE_DATA, description=Create data permission, roles=null)
2024-11-12 06:12:01 INFO  PermissionServiceImpl:30 - PermissionServiceImpl: Permission(id=null, name=APPROVE_POST, description=Approve data post, roles=null)
2024-11-12 06:12:01 INFO  PermissionServiceImpl:30 - PermissionServiceImpl: Permission(id=null, name=APPROVE_POST, description=Approve data post, roles=null)
2024-11-12 12:09:53 INFO  PermissionServiceImpl:29 - PermissionServiceImpl: Permission(code=null, description=Update data permission, roles=null)
2024-11-12 12:10:07 INFO  PermissionServiceImpl:29 - PermissionServiceImpl: Permission(code=CREATE_DATA, description=Update data permission, roles=null)
2024-11-12 12:10:21 INFO  PermissionServiceImpl:29 - PermissionServiceImpl: Permission(code=UPDATE_DATA, description=Update data permission, roles=null)
2024-11-12 12:10:58 INFO  PermissionServiceImpl:29 - PermissionServiceImpl: Permission(code=APPROVE_POST, description=Approve post, roles=null)
2024-11-12 12:11:21 INFO  PermissionServiceImpl:29 - PermissionServiceImpl: Permission(code=REJECT_POST, description=Reject post, roles=null)
2024-11-12 12:11:34 INFO  AuthController:36 - AuthController:Authenticate
2024-11-12 13:07:18 INFO  AuthController:36 - AuthController:Authenticate
2024-11-12 14:47:07 INFO  AuthController:36 - AuthController:Authenticate
2024-11-12 14:52:35 INFO  AuthController:36 - AuthController:Authenticate
2024-11-12 14:58:35 INFO  UserController:26 - Controller:Create User
2024-11-12 15:03:02 INFO  AuthController:29 - AuthController:Đăng ký xong
2024-11-12 15:35:23 INFO  AuthController:36 - AuthController:Authenticate
2024-11-12 15:36:39 INFO  AuthController:36 - AuthController:Authenticate
2024-11-12 16:42:43 INFO  AuthController:29 - AuthController:Đăng ký xong
2024-11-12 16:54:40 INFO  AuthController:29 - AuthController:Đăng ký xong
2024-11-12 16:54:43 INFO  AuthController:29 - AuthController:Đăng ký xong
2024-11-12 16:58:51 INFO  AuthController:29 - AuthController:Đăng ký xong
2024-11-12 17:01:12 INFO  AuthController:36 - AuthController:Authenticate
2024-11-12 17:01:53 INFO  UserController:34 - Username32:admin
2024-11-12 17:01:53 INFO  UserController:35 - ROLE_ADMIN
2024-11-12 17:06:34 INFO  AuthController:36 - AuthController:Authenticate
2024-11-12 17:17:01 INFO  AuthController:36 - AuthController:Authenticate
2024-11-12 17:18:38 INFO  UserController:34 - Username32:admin
2024-11-12 17:18:38 INFO  UserController:35 - ROLE_ADMIN
2024-11-12 17:19:50 INFO  AuthController:36 - AuthController:Authenticate
2024-11-12 17:21:05 INFO  AuthController:36 - AuthController:Authenticate
2024-11-17 06:38:56 INFO  AuthController:36 - AuthController:Authenticate
2024-11-17 07:33:33 INFO  UserController:35 - Username32:admin
2024-11-17 07:33:33 INFO  UserController:36 - ROLE_ADMIN
2024-11-17 07:34:54 INFO  UserController:35 - Username32:admin
2024-11-17 07:34:54 INFO  UserController:36 - ROLE_ADMIN
2024-11-17 07:35:05 INFO  UserController:35 - Username32:admin
2024-11-17 07:35:05 INFO  UserController:36 - ROLE_ADMIN
2024-11-17 07:35:30 INFO  AuthController:36 - AuthController:Authenticate
2024-11-17 07:40:58 INFO  AuthController:36 - AuthController:Authenticate
2024-11-17 07:52:12 INFO  AuthController:36 - AuthController:Authenticate
2024-11-17 07:52:24 INFO  UserController:35 - Username32:admin
2024-11-17 07:52:24 INFO  UserController:36 - ROLE_ADMIN
2024-11-17 07:52:51 INFO  UserController:35 - Username32:admin
2024-11-17 07:52:51 INFO  UserController:36 - ROLE_ADMIN
2024-11-17 08:01:25 INFO  AuthController:36 - AuthController:Authenticate
2024-11-17 08:04:54 INFO  AuthController:36 - AuthController:Authenticate
2024-11-17 08:05:05 INFO  AuthController:36 - AuthController:Authenticate
2024-11-17 08:05:18 INFO  AuthController:36 - AuthController:Authenticate
2024-11-17 08:05:59 INFO  AuthController:36 - AuthController:Authenticate
2024-11-17 08:06:42 INFO  AuthController:36 - AuthController:Authenticate
2024-11-17 08:20:40 INFO  AuthController:36 - AuthController:Authenticate
2024-11-17 08:20:45 INFO  AuthController:36 - AuthController:Authenticate
2024-11-17 08:20:58 INFO  AuthController:36 - AuthController:Authenticate
2024-11-17 08:22:38 INFO  AuthController:36 - AuthController:Authenticate
2024-11-17 08:25:21 INFO  UserController:35 - Username32:admin
2024-11-17 08:25:21 INFO  UserController:36 - ROLE_ADMIN
2024-11-17 08:26:31 INFO  AuthController:36 - AuthController:Authenticate
2024-11-17 08:26:52 INFO  AuthController:36 - AuthController:Authenticate
2024-11-17 08:27:40 INFO  AuthController:36 - AuthController:Authenticate
2024-11-17 08:38:33 INFO  AuthController:36 - AuthController:Authenticate
2024-11-17 08:41:48 INFO  AuthController:36 - AuthController:Authenticate
2024-11-17 08:41:53 INFO  AuthController:36 - AuthController:Authenticate
2024-11-17 08:50:21 INFO  AuthController:36 - AuthController:Authenticate
2024-11-17 08:52:20 INFO  AuthController:36 - AuthController:Authenticate
2024-11-17 08:53:30 INFO  AuthController:36 - AuthController:Authenticate
2024-11-17 11:53:07 INFO  AuthController:36 - AuthController:Authenticate
2024-11-17 12:43:47 INFO  AuthController:36 - AuthController:Authenticate
2024-11-17 12:47:20 INFO  UserController:35 - Username32:admin
2024-11-17 12:47:20 INFO  UserController:36 - ROLE_ADMIN
2024-11-17 12:58:51 INFO  AuthController:36 - AuthController:Authenticate
2024-11-17 13:08:10 INFO  AuthController:36 - AuthController:Authenticate
2024-11-17 13:08:17 INFO  AuthController:36 - AuthController:Authenticate
2024-11-17 13:18:42 INFO  AuthController:29 - AuthController:Đăng ký xong
2024-11-17 13:19:14 INFO  AuthController:36 - AuthController:Authenticate
2024-11-17 13:26:08 INFO  AuthController:36 - AuthController:Authenticate
2024-11-17 13:28:30 INFO  AuthController:36 - AuthController:Authenticate
2024-11-17 13:28:53 INFO  UserController:35 - Username32:admin
2024-11-17 13:28:53 INFO  UserController:36 - ROLE_ADMIN
2024-11-17 13:32:15 INFO  UserController:35 - Username32:admin
2024-11-17 13:32:15 INFO  UserController:36 - ROLE_ADMIN
2024-11-17 13:33:52 INFO  UserController:35 - Username32:admin
2024-11-17 13:33:52 INFO  UserController:36 - ROLE_ADMIN
2024-11-17 13:34:48 INFO  AuthController:36 - AuthController:Authenticate
2024-11-17 13:39:40 INFO  AuthController:36 - AuthController:Authenticate
2024-11-17 13:42:22 INFO  AuthController:36 - AuthController:Authenticate
2024-11-17 14:16:41 INFO  AuthController:36 - AuthController:Authenticate
2024-11-17 14:19:39 INFO  AuthController:36 - AuthController:Authenticate
2024-11-17 14:34:14 INFO  AuthController:36 - AuthController:Authenticate
2024-11-19 10:08:32 INFO  AuthController:36 - AuthController:Authenticate
2024-11-21 10:54:39 INFO  AuthController:36 - AuthController:Authenticate
2024-11-21 11:56:39 INFO  AuthController:36 - AuthController:Authenticate
2024-11-21 12:22:10 INFO  AuthController:36 - AuthController:Authenticate
2024-11-21 14:21:18 INFO  AuthController:36 - AuthController:Authenticate
2024-11-21 14:21:22 INFO  AuthController:36 - AuthController:Authenticate
2024-11-22 12:05:21 INFO  AuthController:36 - AuthController:Authenticate
2024-11-22 12:19:36 INFO  AuthController:36 - AuthController:Authenticate
2024-11-22 12:19:56 INFO  UserController:35 - Username32:admin
2024-11-22 12:19:56 INFO  UserController:36 - ROLE_USER
2024-11-22 12:19:56 INFO  UserController:36 - ROLE_ADMIN
2024-11-22 12:19:56 INFO  UserController:36 - UPDATE_POST
2024-11-22 12:19:56 INFO  UserController:36 - REJECT_POST
2024-11-22 12:19:56 INFO  UserController:36 - APPROVE_POST
2024-11-22 12:24:29 INFO  AuthController:36 - AuthController:Authenticate
2024-11-22 12:36:55 INFO  UserController:35 - Username32:admin
2024-11-22 12:36:55 INFO  UserController:36 - ROLE_USER
2024-11-22 12:36:55 INFO  UserController:36 - ROLE_ADMIN
2024-11-22 12:36:55 INFO  UserController:36 - APPROVE_POST
2024-11-22 12:36:55 INFO  UserController:36 - REJECT_POST
2024-11-22 12:36:55 INFO  UserController:36 - UPDATE_POST
2024-11-22 12:39:47 INFO  AuthController:36 - AuthController:Authenticate
2024-11-22 12:40:04 INFO  UserController:35 - Username32:duc21102004
2024-11-22 12:40:04 INFO  UserController:36 - ROLE_USER
2024-11-22 12:45:37 INFO  UserController:35 - Username32:duc21102004
2024-11-22 12:45:37 INFO  UserController:36 - ROLE_USER
2024-11-22 12:46:27 INFO  UserController:35 - Username32:duc21102004
2024-11-22 12:46:27 INFO  UserController:36 - ROLE_USER
2024-11-22 12:47:15 INFO  UserController:35 - Username32:duc21102004
2024-11-22 12:47:15 INFO  UserController:36 - ROLE_USER
2024-11-23 12:35:54 INFO  AuthController:36 - AuthController:Authenticate
2024-11-23 13:02:58 INFO  AuthController:36 - AuthController:Authenticate
2024-11-23 13:26:21 INFO  AuthController:34 - AuthController:Authenticate
2024-11-23 16:32:24 INFO  AuthController:34 - AuthController:Authenticate
2024-11-23 16:33:00 INFO  AuthController:34 - AuthController:Authenticate
2024-11-23 16:33:25 INFO  AuthController:34 - AuthController:Authenticate
2024-11-23 16:34:58 INFO  AuthController:34 - AuthController:Authenticate
2024-11-23 16:42:31 INFO  AuthController:34 - AuthController:Authenticate
2024-11-26 22:40:44 INFO  AuthController:36 - AuthController:Authenticate
2024-11-27 00:41:39 INFO  AuthController:36 - AuthController:Authenticate
2024-11-27 00:42:01 INFO  AuthController:36 - AuthController:Authenticate
2024-11-27 00:43:52 INFO  AuthController:36 - AuthController:Authenticate
2024-11-27 00:45:08 INFO  AuthController:36 - AuthController:Authenticate
2024-11-27 00:45:17 INFO  UserController:35 - Username32:admin
2024-11-27 00:45:17 INFO  UserController:36 - ROLE_USER
2024-11-27 00:45:17 INFO  UserController:36 - ROLE_ADMIN
2024-11-27 00:45:17 INFO  UserController:36 - APPROVE_POST
2024-11-27 00:45:17 INFO  UserController:36 - REJECT_POST
2024-11-27 00:45:17 INFO  UserController:36 - UPDATE_POST
2024-11-27 00:45:22 INFO  UserController:35 - Username32:admin
2024-11-27 00:45:22 INFO  UserController:36 - ROLE_USER
2024-11-27 00:45:22 INFO  UserController:36 - ROLE_ADMIN
2024-11-27 00:45:22 INFO  UserController:36 - APPROVE_POST
2024-11-27 00:45:22 INFO  UserController:36 - REJECT_POST
2024-11-27 00:45:22 INFO  UserController:36 - UPDATE_POST
2024-11-27 00:45:23 INFO  UserController:35 - Username32:admin
2024-11-27 00:45:23 INFO  UserController:36 - ROLE_USER
2024-11-27 00:45:23 INFO  UserController:36 - ROLE_ADMIN
2024-11-27 00:45:23 INFO  UserController:36 - APPROVE_POST
2024-11-27 00:45:23 INFO  UserController:36 - REJECT_POST
2024-11-27 00:45:23 INFO  UserController:36 - UPDATE_POST
2024-11-27 00:45:24 INFO  UserController:35 - Username32:admin
2024-11-27 00:45:24 INFO  UserController:36 - ROLE_USER
2024-11-27 00:45:24 INFO  UserController:36 - ROLE_ADMIN
2024-11-27 00:45:24 INFO  UserController:36 - APPROVE_POST
2024-11-27 00:45:24 INFO  UserController:36 - REJECT_POST
2024-11-27 00:45:24 INFO  UserController:36 - UPDATE_POST
2024-11-27 00:49:10 INFO  AuthController:36 - AuthController:Authenticate
2024-11-27 00:49:28 INFO  UserController:35 - Username32:admin
2024-11-27 00:49:28 INFO  UserController:36 - ROLE_USER
2024-11-27 00:49:28 INFO  UserController:36 - ROLE_ADMIN
2024-11-27 00:49:28 INFO  UserController:36 - REJECT_POST
2024-11-27 00:49:28 INFO  UserController:36 - UPDATE_POST
2024-11-27 00:49:28 INFO  UserController:36 - APPROVE_POST
2024-11-27 00:49:33 INFO  UserController:35 - Username32:admin
2024-11-27 00:49:33 INFO  UserController:36 - ROLE_USER
2024-11-27 00:49:33 INFO  UserController:36 - ROLE_ADMIN
2024-11-27 00:49:33 INFO  UserController:36 - REJECT_POST
2024-11-27 00:49:33 INFO  UserController:36 - UPDATE_POST
2024-11-27 00:49:33 INFO  UserController:36 - APPROVE_POST
2024-11-27 00:49:35 INFO  UserController:35 - Username32:admin
2024-11-27 00:49:35 INFO  UserController:36 - ROLE_USER
2024-11-27 00:49:35 INFO  UserController:36 - ROLE_ADMIN
2024-11-27 00:49:35 INFO  UserController:36 - REJECT_POST
2024-11-27 00:49:35 INFO  UserController:36 - UPDATE_POST
2024-11-27 00:49:35 INFO  UserController:36 - APPROVE_POST
2024-11-27 00:49:39 INFO  UserController:35 - Username32:admin
2024-11-27 00:49:39 INFO  UserController:36 - ROLE_USER
2024-11-27 00:49:39 INFO  UserController:36 - ROLE_ADMIN
2024-11-27 00:49:39 INFO  UserController:36 - REJECT_POST
2024-11-27 00:49:39 INFO  UserController:36 - UPDATE_POST
2024-11-27 00:49:39 INFO  UserController:36 - APPROVE_POST
2024-11-27 00:51:48 INFO  AuthController:36 - AuthController:Authenticate
2024-11-27 00:52:11 INFO  UserController:35 - Username32:admin
2024-11-27 00:52:11 INFO  UserController:36 - ROLE_ADMIN
2024-11-27 00:52:11 INFO  UserController:36 - UPDATE_POST
2024-11-27 00:52:11 INFO  UserController:36 - APPROVE_POST
2024-11-27 00:52:11 INFO  UserController:36 - REJECT_POST
2024-11-27 00:52:11 INFO  UserController:36 - ROLE_USER
2024-11-27 00:52:14 INFO  UserController:35 - Username32:admin
2024-11-27 00:52:14 INFO  UserController:36 - ROLE_ADMIN
2024-11-27 00:52:14 INFO  UserController:36 - UPDATE_POST
2024-11-27 00:52:14 INFO  UserController:36 - APPROVE_POST
2024-11-27 00:52:14 INFO  UserController:36 - REJECT_POST
2024-11-27 00:52:14 INFO  UserController:36 - ROLE_USER
2024-11-27 00:52:22 INFO  UserController:35 - Username32:admin
2024-11-27 00:52:22 INFO  UserController:36 - ROLE_ADMIN
2024-11-27 00:52:22 INFO  UserController:36 - UPDATE_POST
2024-11-27 00:52:22 INFO  UserController:36 - APPROVE_POST
2024-11-27 00:52:22 INFO  UserController:36 - REJECT_POST
2024-11-27 00:52:22 INFO  UserController:36 - ROLE_USER
2024-11-27 01:07:26 INFO  AuthController:36 - AuthController:Authenticate
2024-11-27 01:09:49 INFO  AuthController:36 - AuthController:Authenticate
2024-11-27 01:10:29 INFO  UserController:35 - Username32:admin
2024-11-27 01:10:29 INFO  UserController:36 - ROLE_USER
2024-11-27 01:10:29 INFO  UserController:36 - ROLE_ADMIN
2024-11-27 01:10:29 INFO  UserController:36 - UPDATE_POST
2024-11-27 01:10:29 INFO  UserController:36 - REJECT_POST
2024-11-27 01:10:29 INFO  UserController:36 - APPROVE_POST
2024-11-27 01:15:02 INFO  AuthController:36 - AuthController:Authenticate
2024-11-27 01:15:26 INFO  UserController:35 - Username32:admin
2024-11-27 01:15:26 INFO  UserController:36 - ROLE_USER
2024-11-27 01:15:26 INFO  UserController:36 - ROLE_ADMIN
2024-11-27 01:15:26 INFO  UserController:36 - REJECT_POST
2024-11-27 01:15:26 INFO  UserController:36 - UPDATE_POST
2024-11-27 01:15:26 INFO  UserController:36 - APPROVE_POST
2024-11-27 01:27:49 INFO  AuthController:36 - AuthController:Authenticate
2024-11-27 01:28:11 INFO  UserController:35 - Username32:admin
2024-11-27 01:28:11 INFO  UserController:36 - ROLE_ADMIN
2024-11-27 01:28:11 INFO  UserController:36 - APPROVE_POST
2024-11-27 01:28:11 INFO  UserController:36 - REJECT_POST
2024-11-27 01:28:11 INFO  UserController:36 - UPDATE_POST
2024-11-27 01:28:11 INFO  UserController:36 - ROLE_USER
2024-11-27 01:28:13 INFO  UserController:35 - Username32:admin
2024-11-27 01:28:13 INFO  UserController:36 - ROLE_ADMIN
2024-11-27 01:28:13 INFO  UserController:36 - APPROVE_POST
2024-11-27 01:28:13 INFO  UserController:36 - REJECT_POST
2024-11-27 01:28:13 INFO  UserController:36 - UPDATE_POST
2024-11-27 01:28:13 INFO  UserController:36 - ROLE_USER
2024-11-27 01:30:31 INFO  AuthController:36 - AuthController:Authenticate
2024-11-27 01:31:55 INFO  AuthController:36 - AuthController:Authenticate
2024-11-27 01:32:04 INFO  UserController:35 - Username32:admin
2024-11-27 01:32:04 INFO  UserController:36 - ROLE_USER
2024-11-27 01:32:04 INFO  UserController:36 - ROLE_ADMIN
2024-11-27 01:32:04 INFO  UserController:36 - APPROVE_POST
2024-11-27 01:32:04 INFO  UserController:36 - UPDATE_POST
2024-11-27 01:32:04 INFO  UserController:36 - REJECT_POST
2024-11-27 01:32:06 INFO  UserController:35 - Username32:admin
2024-11-27 01:32:06 INFO  UserController:36 - ROLE_USER
2024-11-27 01:32:06 INFO  UserController:36 - ROLE_ADMIN
2024-11-27 01:32:06 INFO  UserController:36 - APPROVE_POST
2024-11-27 01:32:06 INFO  UserController:36 - UPDATE_POST
2024-11-27 01:32:06 INFO  UserController:36 - REJECT_POST
2024-11-27 01:32:07 INFO  UserController:35 - Username32:admin
2024-11-27 01:32:07 INFO  UserController:36 - ROLE_USER
2024-11-27 01:32:07 INFO  UserController:36 - ROLE_ADMIN
2024-11-27 01:32:07 INFO  UserController:36 - APPROVE_POST
2024-11-27 01:32:07 INFO  UserController:36 - UPDATE_POST
2024-11-27 01:32:07 INFO  UserController:36 - REJECT_POST
2024-11-27 01:32:08 INFO  UserController:35 - Username32:admin
2024-11-27 01:32:08 INFO  UserController:36 - ROLE_USER
2024-11-27 01:32:08 INFO  UserController:36 - ROLE_ADMIN
2024-11-27 01:32:08 INFO  UserController:36 - APPROVE_POST
2024-11-27 01:32:08 INFO  UserController:36 - UPDATE_POST
2024-11-27 01:32:08 INFO  UserController:36 - REJECT_POST
2024-11-27 01:34:17 INFO  AuthController:36 - AuthController:Authenticate
2024-11-27 01:36:21 INFO  AuthController:36 - AuthController:Authenticate
2024-11-27 01:39:54 INFO  AuthController:36 - AuthController:Authenticate
2024-11-27 01:40:12 INFO  AuthController:36 - AuthController:Authenticate
2024-11-27 01:40:27 INFO  AuthController:36 - AuthController:Authenticate
2024-11-27 01:40:41 INFO  AuthController:36 - AuthController:Authenticate
2024-11-27 01:41:07 INFO  AuthController:36 - AuthController:Authenticate
2024-11-27 01:41:21 INFO  AuthController:36 - AuthController:Authenticate
2024-11-27 01:43:16 INFO  AuthController:36 - AuthController:Authenticate
2024-11-27 01:43:26 INFO  UserController:35 - Username32:admin
2024-11-27 01:43:26 INFO  UserController:36 - ROLE_USER
2024-11-27 01:43:26 INFO  UserController:36 - ROLE_ADMIN
2024-11-27 01:43:26 INFO  UserController:36 - UPDATE_POST
2024-11-27 01:43:26 INFO  UserController:36 - REJECT_POST
2024-11-27 01:43:26 INFO  UserController:36 - APPROVE_POST
2024-11-27 01:43:29 INFO  UserController:35 - Username32:admin
2024-11-27 01:43:29 INFO  UserController:36 - ROLE_USER
2024-11-27 01:43:29 INFO  UserController:36 - ROLE_ADMIN
2024-11-27 01:43:29 INFO  UserController:36 - UPDATE_POST
2024-11-27 01:43:29 INFO  UserController:36 - REJECT_POST
2024-11-27 01:43:29 INFO  UserController:36 - APPROVE_POST
2024-11-27 01:43:39 INFO  UserController:35 - Username32:admin
2024-11-27 01:43:39 INFO  UserController:36 - ROLE_USER
2024-11-27 01:43:39 INFO  UserController:36 - ROLE_ADMIN
2024-11-27 01:43:39 INFO  UserController:36 - UPDATE_POST
2024-11-27 01:43:39 INFO  UserController:36 - REJECT_POST
2024-11-27 01:43:39 INFO  UserController:36 - APPROVE_POST
2024-11-27 01:43:45 INFO  UserController:35 - Username32:admin
2024-11-27 01:43:45 INFO  UserController:36 - ROLE_USER
2024-11-27 01:43:45 INFO  UserController:36 - ROLE_ADMIN
2024-11-27 01:43:45 INFO  UserController:36 - UPDATE_POST
2024-11-27 01:43:45 INFO  UserController:36 - REJECT_POST
2024-11-27 01:43:45 INFO  UserController:36 - APPROVE_POST
2024-11-27 02:17:12 INFO  AuthController:36 - AuthController:Authenticate
2024-11-27 02:17:37 INFO  UserController:35 - Username32:admin
2024-11-27 02:17:37 INFO  UserController:36 - ROLE_ADMIN
2024-11-27 02:17:37 INFO  UserController:36 - APPROVE_POST
2024-11-27 02:17:37 INFO  UserController:36 - REJECT_POST
2024-11-27 02:17:37 INFO  UserController:36 - UPDATE_POST
2024-11-27 02:17:37 INFO  UserController:36 - ROLE_USER
2024-11-27 02:17:41 INFO  UserController:35 - Username32:admin
2024-11-27 02:17:41 INFO  UserController:36 - ROLE_ADMIN
2024-11-27 02:17:41 INFO  UserController:36 - APPROVE_POST
2024-11-27 02:17:41 INFO  UserController:36 - REJECT_POST
2024-11-27 02:17:41 INFO  UserController:36 - UPDATE_POST
2024-11-27 02:17:41 INFO  UserController:36 - ROLE_USER
2024-11-27 02:24:03 INFO  AuthController:36 - AuthController:Authenticate
2024-11-27 02:24:12 INFO  UserController:35 - Username32:admin
2024-11-27 02:24:12 INFO  UserController:36 - ROLE_ADMIN
2024-11-27 02:24:12 INFO  UserController:36 - REJECT_POST
2024-11-27 02:24:12 INFO  UserController:36 - UPDATE_POST
2024-11-27 02:24:12 INFO  UserController:36 - APPROVE_POST
2024-11-27 02:24:12 INFO  UserController:36 - ROLE_USER
2024-11-27 02:24:14 INFO  UserController:35 - Username32:admin
2024-11-27 02:24:14 INFO  UserController:36 - ROLE_ADMIN
2024-11-27 02:24:14 INFO  UserController:36 - REJECT_POST
2024-11-27 02:24:14 INFO  UserController:36 - UPDATE_POST
2024-11-27 02:24:14 INFO  UserController:36 - APPROVE_POST
2024-11-27 02:24:14 INFO  UserController:36 - ROLE_USER
2024-11-27 02:24:24 INFO  AuthController:36 - AuthController:Authenticate
2024-11-27 16:56:17 INFO  AuthController:36 - AuthController:Authenticate
2024-11-27 17:16:35 INFO  AuthController:36 - AuthController:Authenticate
2024-11-27 17:17:05 INFO  UserController:35 - Username32:admin
2024-11-27 17:17:05 INFO  UserController:36 - ROLE_USER
2024-11-27 17:17:05 INFO  UserController:36 - ROLE_ADMIN
2024-11-27 17:17:05 INFO  UserController:36 - APPROVE_POST
2024-11-27 17:17:05 INFO  UserController:36 - REJECT_POST
2024-11-27 17:17:05 INFO  UserController:36 - UPDATE_POST
2024-11-27 17:18:15 INFO  UserController:35 - Username32:admin
2024-11-27 17:18:15 INFO  UserController:36 - ROLE_USER
2024-11-27 17:18:15 INFO  UserController:36 - ROLE_ADMIN
2024-11-27 17:18:15 INFO  UserController:36 - UPDATE_POST
2024-11-27 17:18:15 INFO  UserController:36 - REJECT_POST
2024-11-27 17:18:15 INFO  UserController:36 - APPROVE_POST
2024-11-27 17:19:06 INFO  UserController:35 - Username32:admin
2024-11-27 17:19:06 INFO  UserController:36 - ROLE_USER
2024-11-27 17:19:06 INFO  UserController:36 - ROLE_ADMIN
2024-11-27 17:19:06 INFO  UserController:36 - UPDATE_POST
2024-11-27 17:19:06 INFO  UserController:36 - REJECT_POST
2024-11-27 17:19:06 INFO  UserController:36 - APPROVE_POST
2024-11-27 22:30:52 INFO  AuthController:36 - AuthController:Authenticate
2024-11-28 23:29:59 INFO  AuthController:36 - AuthController:Authenticate
2024-11-28 23:36:53 INFO  AuthController:36 - AuthController:Authenticate
2024-11-28 23:37:39 INFO  UserController:35 - Username32:admin
2024-11-28 23:37:39 INFO  UserController:36 - ROLE_USER
2024-11-28 23:37:39 INFO  UserController:36 - ROLE_ADMIN
2024-11-28 23:37:39 INFO  UserController:36 - REJECT_POST
2024-11-28 23:37:39 INFO  UserController:36 - UPDATE_POST
2024-11-28 23:37:39 INFO  UserController:36 - APPROVE_POST
2024-11-28 23:58:30 INFO  UserController:27 - Controller:Create User
2024-12-01 15:45:42 INFO  AuthController:29 - AuthController:Đăng ký xong
2024-12-01 15:46:00 INFO  AuthController:29 - AuthController:Đăng ký xong
2024-12-01 16:08:41 INFO  UserController:35 - Username32:anonymousUser
2024-12-01 16:08:41 INFO  UserController:36 - ROLE_ANONYMOUS
2024-12-01 16:08:45 INFO  UserController:35 - Username32:anonymousUser
2024-12-01 16:08:45 INFO  UserController:36 - ROLE_ANONYMOUS
2024-12-01 16:08:55 INFO  UserController:35 - Username32:anonymousUser
2024-12-01 16:08:55 INFO  UserController:36 - ROLE_ANONYMOUS
2024-12-01 16:09:45 INFO  UserController:35 - Username32:anonymousUser
2024-12-01 16:09:45 INFO  UserController:36 - ROLE_ANONYMOUS
2024-12-01 16:09:58 INFO  UserController:35 - Username32:anonymousUser
2024-12-01 16:09:58 INFO  UserController:36 - ROLE_ANONYMOUS
2024-12-01 16:10:37 INFO  UserController:35 - Username32:anonymousUser
2024-12-01 16:10:37 INFO  UserController:36 - ROLE_ANONYMOUS
2024-12-01 16:10:39 INFO  UserController:35 - Username32:anonymousUser
2024-12-01 16:10:39 INFO  UserController:36 - ROLE_ANONYMOUS
2024-12-01 16:10:58 INFO  UserController:35 - Username32:anonymousUser
2024-12-01 16:10:58 INFO  UserController:36 - ROLE_ANONYMOUS
2024-12-01 16:11:04 INFO  UserController:35 - Username32:anonymousUser
2024-12-01 16:11:04 INFO  UserController:36 - ROLE_ANONYMOUS
2024-12-01 16:16:27 INFO  UserController:35 - Username32:anonymousUser
2024-12-01 16:16:27 INFO  UserController:36 - ROLE_ANONYMOUS
2024-12-01 16:16:49 INFO  UserController:35 - Username32:anonymousUser
2024-12-01 16:16:49 INFO  UserController:36 - ROLE_ANONYMOUS
2024-12-01 16:16:53 INFO  UserController:35 - Username32:anonymousUser
2024-12-01 16:16:53 INFO  UserController:36 - ROLE_ANONYMOUS
2024-12-01 16:16:55 INFO  UserController:35 - Username32:anonymousUser
2024-12-01 16:16:55 INFO  UserController:36 - ROLE_ANONYMOUS
2024-12-01 16:16:57 INFO  UserController:35 - Username32:anonymousUser
2024-12-01 16:16:57 INFO  UserController:36 - ROLE_ANONYMOUS
2024-12-01 16:16:59 INFO  UserController:35 - Username32:anonymousUser
2024-12-01 16:16:59 INFO  UserController:36 - ROLE_ANONYMOUS
2024-12-01 16:17:01 INFO  UserController:35 - Username32:anonymousUser
2024-12-01 16:17:01 INFO  UserController:36 - ROLE_ANONYMOUS
2024-12-01 16:17:04 INFO  UserController:35 - Username32:anonymousUser
2024-12-01 16:17:04 INFO  UserController:36 - ROLE_ANONYMOUS
2024-12-01 16:17:08 INFO  UserController:35 - Username32:anonymousUser
2024-12-01 16:17:08 INFO  UserController:36 - ROLE_ANONYMOUS
2024-12-01 16:17:11 INFO  UserController:35 - Username32:anonymousUser
2024-12-01 16:17:11 INFO  UserController:36 - ROLE_ANONYMOUS
2024-12-01 16:17:50 INFO  UserController:35 - Username32:anonymousUser
2024-12-01 16:17:50 INFO  UserController:36 - ROLE_ANONYMOUS
2024-12-01 16:17:58 INFO  UserController:35 - Username32:anonymousUser
2024-12-01 16:17:58 INFO  UserController:36 - ROLE_ANONYMOUS
2024-12-01 16:18:21 INFO  UserController:35 - Username32:anonymousUser
2024-12-01 16:18:21 INFO  UserController:36 - ROLE_ANONYMOUS
2024-12-01 16:18:45 INFO  UserController:35 - Username32:anonymousUser
2024-12-01 16:18:45 INFO  UserController:36 - ROLE_ANONYMOUS
2024-12-01 16:18:48 INFO  UserController:35 - Username32:anonymousUser
2024-12-01 16:18:48 INFO  UserController:36 - ROLE_ANONYMOUS
2024-12-01 16:18:50 INFO  UserController:35 - Username32:anonymousUser
2024-12-01 16:18:50 INFO  UserController:36 - ROLE_ANONYMOUS
2024-12-01 16:18:51 INFO  UserController:35 - Username32:anonymousUser
2024-12-01 16:18:51 INFO  UserController:36 - ROLE_ANONYMOUS
2024-12-01 16:18:53 INFO  UserController:35 - Username32:anonymousUser
2024-12-01 16:18:53 INFO  UserController:36 - ROLE_ANONYMOUS
2024-12-01 16:19:04 INFO  UserController:35 - Username32:anonymousUser
2024-12-01 16:19:04 INFO  UserController:36 - ROLE_ANONYMOUS
2024-12-01 16:19:06 INFO  UserController:35 - Username32:anonymousUser
2024-12-01 16:19:06 INFO  UserController:36 - ROLE_ANONYMOUS
2024-12-01 16:19:07 INFO  UserController:35 - Username32:anonymousUser
2024-12-01 16:19:07 INFO  UserController:36 - ROLE_ANONYMOUS
2024-12-01 16:19:07 INFO  UserController:35 - Username32:anonymousUser
2024-12-01 16:19:07 INFO  UserController:36 - ROLE_ANONYMOUS
2024-12-01 16:19:08 INFO  UserController:35 - Username32:anonymousUser
2024-12-01 16:19:08 INFO  UserController:36 - ROLE_ANONYMOUS
2024-12-01 16:19:09 INFO  UserController:35 - Username32:anonymousUser
2024-12-01 16:19:09 INFO  UserController:36 - ROLE_ANONYMOUS
2024-12-01 16:19:10 INFO  UserController:35 - Username32:anonymousUser
2024-12-01 16:19:10 INFO  UserController:36 - ROLE_ANONYMOUS
2024-12-01 16:19:11 INFO  UserController:35 - Username32:anonymousUser
2024-12-01 16:19:11 INFO  UserController:36 - ROLE_ANONYMOUS
2024-12-01 16:19:13 INFO  UserController:35 - Username32:anonymousUser
2024-12-01 16:19:13 INFO  UserController:36 - ROLE_ANONYMOUS
2024-12-01 16:20:03 INFO  UserController:35 - Username32:anonymousUser
2024-12-01 16:20:03 INFO  UserController:36 - ROLE_ANONYMOUS
2024-12-01 16:20:06 INFO  UserController:35 - Username32:anonymousUser
2024-12-01 16:20:06 INFO  UserController:36 - ROLE_ANONYMOUS
2024-12-01 16:20:07 INFO  UserController:35 - Username32:anonymousUser
2024-12-01 16:20:07 INFO  UserController:36 - ROLE_ANONYMOUS
2024-12-01 16:20:09 INFO  UserController:35 - Username32:anonymousUser
2024-12-01 16:20:09 INFO  UserController:36 - ROLE_ANONYMOUS
2024-12-01 16:20:10 INFO  UserController:35 - Username32:anonymousUser
2024-12-01 16:20:10 INFO  UserController:36 - ROLE_ANONYMOUS
2024-12-01 16:20:12 INFO  UserController:35 - Username32:anonymousUser
2024-12-01 16:20:12 INFO  UserController:36 - ROLE_ANONYMOUS
2024-12-01 16:23:33 INFO  UserController:35 - Username32:anonymousUser
2024-12-01 16:23:33 INFO  UserController:36 - ROLE_ANONYMOUS
2024-12-02 00:10:57 INFO  UserController:27 - Controller:Create User
2024-12-02 00:15:04 INFO  UserController:27 - Controller:Create User
2024-12-02 00:18:16 INFO  UserController:27 - Controller:Create User
2024-12-02 00:24:12 INFO  UserController:27 - Controller:Create User
2024-12-02 00:25:26 INFO  AuthController:36 - AuthController:Authenticate
2024-12-02 00:25:37 INFO  UserController:35 - Username32:admin
2024-12-02 00:25:37 INFO  UserController:36 - ROLE_ADMIN
2024-12-02 00:25:37 INFO  UserController:36 - APPROVE_POST
2024-12-02 00:25:37 INFO  UserController:36 - UPDATE_POST
2024-12-02 00:25:37 INFO  UserController:36 - REJECT_POST
2024-12-02 00:25:37 INFO  UserController:36 - ROLE_USER
2024-12-02 00:30:39 INFO  UserController:27 - Controller:Create User
2024-12-02 00:30:58 INFO  UserController:35 - Username32:anonymousUser
2024-12-02 00:30:58 INFO  UserController:36 - ROLE_ANONYMOUS
2024-12-02 00:38:15 INFO  UserController:27 - Controller:Create User
2024-12-02 00:38:15 INFO  UserController:27 - Controller:Create User
2024-12-02 01:15:55 INFO  UserController:27 - Controller:Create User
2024-12-04 11:40:45 INFO  UserController:35 - Username32:anonymousUser
2024-12-04 11:40:45 INFO  UserController:36 - ROLE_ANONYMOUS
2024-12-04 11:41:25 INFO  UserController:35 - Username32:anonymousUser
2024-12-04 11:41:25 INFO  UserController:36 - ROLE_ANONYMOUS
2024-12-04 11:41:37 INFO  UserController:35 - Username32:anonymousUser
2024-12-04 11:41:37 INFO  UserController:36 - ROLE_ANONYMOUS
